<?xml version="1.0" encoding="UTF-8"?>
<testng-results skipped="0" failed="0" total="1" passed="1">
  <reporter-output>
  </reporter-output>
  <suite name="Default suite" duration-ms="9421" started-at="2017-03-21T07:31:39Z" finished-at="2017-03-21T07:31:49Z">
    <groups>
    </groups>
    <test name="Default test" duration-ms="9421" started-at="2017-03-21T07:31:39Z" finished-at="2017-03-21T07:31:49Z">
      <class name="testcases.newLoginmanage">
        <test-method status="PASS" signature="openFoxfire()[pri:0, instance:testcases.newLoginmanage@91161c7]" name="openFoxfire" is-config="true" duration-ms="5350" started-at="2017-03-21T15:31:39Z" finished-at="2017-03-21T15:31:45Z">
          <reporter-output>
          </reporter-output>
        </test-method> <!-- openFoxfire -->
        <test-method status="PASS" signature="logIn()[pri:0, instance:testcases.newLoginmanage@91161c7]" name="logIn" duration-ms="4057" started-at="2017-03-21T15:31:45Z" finished-at="2017-03-21T15:31:49Z">
          <reporter-output>
          </reporter-output>
        </test-method> <!-- logIn -->
      </class> <!-- testcases.newLoginmanage -->
    </test> <!-- Default test -->
  </suite> <!-- Default suite -->
</testng-results>
